Wed Aug 10 13:14:44 2011: Starting httpd at Wed Aug 10 13:14:44 2011
(98)Address already in use: make_sock: could not bind to address [::]:80
(98)Address already in use: make_sock: could not bind to address 0.0.0.0:80
no listening sockets available, shutting down
Unable to open logs
Wed Aug 10 13:15:14 2011: Starting httpd at Wed Aug 10 13:15:14 2011
Wed Aug 10 13:28:40 2011: Stopping httpd at Wed Aug 10 13:28:40 2011
Wed Aug 10 13:28:41 2011: process exited
Wed Aug 10 13:28:41 2011: Starting httpd at Wed Aug 10 13:28:41 2011
Wed Aug 10 13:30:57 2011: Stopping httpd at Wed Aug 10 13:30:57 2011
Wed Aug 10 13:30:58 2011: process exited
Wed Aug 10 13:30:58 2011: Starting httpd at Wed Aug 10 13:30:58 2011
Wed Aug 10 13:32:52 2011: Stopping httpd at Wed Aug 10 13:32:52 2011
Wed Aug 10 13:32:53 2011: process exited
Wed Aug 10 13:32:53 2011: Starting httpd at Wed Aug 10 13:32:53 2011
Wed Aug 10 13:38:44 2011: Stopping httpd at Wed Aug 10 13:38:44 2011
Wed Aug 10 13:38:45 2011: process exited
Wed Aug 10 13:38:45 2011: Starting httpd at Wed Aug 10 13:38:45 2011
Wed Aug 10 13:55:56 2011: Stopping httpd at Wed Aug 10 13:55:56 2011
Wed Aug 10 13:55:57 2011: process exited
Wed Aug 10 13:55:57 2011: Starting httpd at Wed Aug 10 13:55:57 2011
Wed Aug 10 14:24:43 2011: Stopping httpd at Wed Aug 10 14:24:43 2011
Wed Aug 10 14:24:44 2011: process exited
Wed Aug 10 14:24:44 2011: Starting httpd at Wed Aug 10 14:24:44 2011
Wed Aug 10 14:26:38 2011: Stopping httpd at Wed Aug 10 14:26:38 2011
Wed Aug 10 14:26:39 2011: process exited
Wed Aug 10 14:26:39 2011: Starting httpd at Wed Aug 10 14:26:39 2011
Wed Aug 10 14:54:14 2011: Stopping httpd at Wed Aug 10 14:54:14 2011
Wed Aug 10 14:54:15 2011: process exited
Wed Aug 10 14:54:15 2011: Starting httpd at Wed Aug 10 14:54:15 2011
Wed Aug 10 15:39:39 2011: Stopping httpd at Wed Aug 10 15:39:39 2011
Wed Aug 10 15:39:40 2011: process exited
Wed Aug 10 15:39:40 2011: Starting httpd at Wed Aug 10 15:39:40 2011
Wed Aug 10 15:53:26 2011: Stopping httpd at Wed Aug 10 15:53:26 2011
Wed Aug 10 15:53:27 2011: process exited
Wed Aug 10 15:53:27 2011: Starting httpd at Wed Aug 10 15:53:27 2011
Wed Aug 10 15:54:23 2011: Stopping httpd at Wed Aug 10 15:54:23 2011
Wed Aug 10 15:54:24 2011: process exited
Wed Aug 10 15:54:24 2011: Starting httpd at Wed Aug 10 15:54:24 2011
Thu Aug 11 13:14:23 2011: Stopping httpd at Thu Aug 11 13:14:23 2011
Thu Aug 11 13:14:24 2011: process exited
Thu Aug 11 13:14:24 2011: Starting httpd at Thu Aug 11 13:14:24 2011
Thu Aug 11 13:36:28 2011: Stopping httpd at Thu Aug 11 13:36:28 2011
Thu Aug 11 13:36:29 2011: process exited
Thu Aug 11 13:36:29 2011: Starting httpd at Thu Aug 11 13:36:29 2011
Thu Aug 11 15:51:20 2011: Stopping httpd at Thu Aug 11 15:51:20 2011
Thu Aug 11 15:51:21 2011: process exited
Thu Aug 11 15:51:21 2011: Starting httpd at Thu Aug 11 15:51:21 2011
Thu Aug 11 15:51:55 2011: Stopping httpd at Thu Aug 11 15:51:55 2011
Thu Aug 11 15:51:56 2011: process exited
Thu Aug 11 15:51:56 2011: Starting httpd at Thu Aug 11 15:51:56 2011
Thu Aug 11 15:52:16 2011: Stopping httpd at Thu Aug 11 15:52:16 2011
Thu Aug 11 15:52:17 2011: process exited
Thu Aug 11 15:52:17 2011: Starting httpd at Thu Aug 11 15:52:17 2011
Fri Aug 12 09:15:35 2011: Stopping httpd at Fri Aug 12 09:15:35 2011
Fri Aug 12 09:15:36 2011: process exited
Fri Aug 12 09:15:36 2011: Starting httpd at Fri Aug 12 09:15:36 2011
Fri Aug 12 09:17:36 2011: Stopping httpd at Fri Aug 12 09:17:36 2011
Fri Aug 12 09:17:37 2011: process exited
Fri Aug 12 09:17:37 2011: Starting httpd at Fri Aug 12 09:17:37 2011
Fri Aug 12 10:09:27 2011: Stopping httpd at Fri Aug 12 10:09:27 2011
Fri Aug 12 10:09:28 2011: process exited
Fri Aug 12 10:09:28 2011: Starting httpd at Fri Aug 12 10:09:28 2011
